2016-07-11 20:09:43,757 [Worker-18] INFO  o.e.m.c.i.e.AbstractTransferListenerAdapter - Downloading https://repo.maven.apache.org/maven2/org/apache/maven/plugins/maven-compiler-plugin/3.0/maven-compiler-plugin-3.0.jar
2016-07-11 20:09:45,163 [Worker-18] INFO  o.e.m.c.i.e.AbstractTransferListenerAdapter - Downloaded https://repo.maven.apache.org/maven2/org/apache/maven/plugins/maven-compiler-plugin/3.0/maven-compiler-plugin-3.0.jar
2016-07-11 20:09:50,443 [Worker-18] INFO  o.e.m.c.i.e.AbstractTransferListenerAdapter - Downloading https://repo.maven.apache.org/maven2/org/apache/maven/plugins/maven-compiler-plugin/3.0/maven-compiler-plugin-3.0.pom
2016-07-11 20:09:50,813 [Worker-18] INFO  o.e.m.c.i.e.AbstractTransferListenerAdapter - Downloaded https://repo.maven.apache.org/maven2/org/apache/maven/plugins/maven-compiler-plugin/3.0/maven-compiler-plugin-3.0.pom
2016-07-11 20:10:03,464 [Worker-18] INFO  o.e.m.c.i.e.AbstractTransferListenerAdapter - Downloading https://repo.maven.apache.org/maven2/org/apache/maven/shared/maven-shared-incremental/1.0/maven-shared-incremental-1.0.pom
2016-07-11 20:10:03,655 [Worker-18] INFO  o.e.m.c.i.e.AbstractTransferListenerAdapter - Downloaded https://repo.maven.apache.org/maven2/org/apache/maven/shared/maven-shared-incremental/1.0/maven-shared-incremental-1.0.pom
2016-07-11 20:10:08,361 [Worker-18] INFO  o.e.m.c.i.e.AbstractTransferListenerAdapter - Downloading https://repo.maven.apache.org/maven2/org/codehaus/plexus/plexus-compiler-api/2.0/plexus-compiler-api-2.0.pom
2016-07-11 20:10:08,550 [Worker-18] INFO  o.e.m.c.i.e.AbstractTransferListenerAdapter - Downloaded https://repo.maven.apache.org/maven2/org/codehaus/plexus/plexus-compiler-api/2.0/plexus-compiler-api-2.0.pom
2016-07-11 20:10:08,821 [Worker-18] INFO  o.e.m.c.i.e.AbstractTransferListenerAdapter - Downloading https://repo.maven.apache.org/maven2/org/codehaus/plexus/plexus-compiler/2.0/plexus-compiler-2.0.pom
2016-07-11 20:10:09,034 [Worker-18] INFO  o.e.m.c.i.e.AbstractTransferListenerAdapter - Downloaded https://repo.maven.apache.org/maven2/org/codehaus/plexus/plexus-compiler/2.0/plexus-compiler-2.0.pom
2016-07-11 20:10:09,916 [Worker-18] INFO  o.e.m.c.i.e.AbstractTransferListenerAdapter - Downloading https://repo.maven.apache.org/maven2/org/codehaus/plexus/plexus-compiler-manager/2.0/plexus-compiler-manager-2.0.pom
2016-07-11 20:10:10,167 [Worker-18] INFO  o.e.m.c.i.e.AbstractTransferListenerAdapter - Downloaded https://repo.maven.apache.org/maven2/org/codehaus/plexus/plexus-compiler-manager/2.0/plexus-compiler-manager-2.0.pom
2016-07-11 20:10:10,438 [Worker-18] INFO  o.e.m.c.i.e.AbstractTransferListenerAdapter - Downloading https://repo.maven.apache.org/maven2/org/codehaus/plexus/plexus-compiler-javac/2.0/plexus-compiler-javac-2.0.pom
2016-07-11 20:10:10,674 [Worker-18] INFO  o.e.m.c.i.e.AbstractTransferListenerAdapter - Downloaded https://repo.maven.apache.org/maven2/org/codehaus/plexus/plexus-compiler-javac/2.0/plexus-compiler-javac-2.0.pom
2016-07-11 20:10:10,915 [Worker-18] INFO  o.e.m.c.i.e.AbstractTransferListenerAdapter - Downloading https://repo.maven.apache.org/maven2/org/codehaus/plexus/plexus-compilers/2.0/plexus-compilers-2.0.pom
2016-07-11 20:10:11,167 [Worker-18] INFO  o.e.m.c.i.e.AbstractTransferListenerAdapter - Downloaded https://repo.maven.apache.org/maven2/org/codehaus/plexus/plexus-compilers/2.0/plexus-compilers-2.0.pom
2016-07-11 20:10:15,303 [Worker-18] INFO  o.e.m.c.i.e.AbstractTransferListenerAdapter - Downloading https://repo.maven.apache.org/maven2/org/apache/maven/shared/maven-shared-incremental/1.0/maven-shared-incremental-1.0.jar
2016-07-11 20:10:15,585 [Worker-18] INFO  o.e.m.c.i.e.AbstractTransferListenerAdapter - Downloaded https://repo.maven.apache.org/maven2/org/apache/maven/shared/maven-shared-incremental/1.0/maven-shared-incremental-1.0.jar
2016-07-11 20:10:15,834 [Worker-18] INFO  o.e.m.c.i.e.AbstractTransferListenerAdapter - Downloading https://repo.maven.apache.org/maven2/org/codehaus/plexus/plexus-compiler-api/2.0/plexus-compiler-api-2.0.jar
2016-07-11 20:10:16,115 [Worker-18] INFO  o.e.m.c.i.e.AbstractTransferListenerAdapter - Downloaded https://repo.maven.apache.org/maven2/org/codehaus/plexus/plexus-compiler-api/2.0/plexus-compiler-api-2.0.jar
2016-07-11 20:10:16,319 [Worker-18] INFO  o.e.m.c.i.e.AbstractTransferListenerAdapter - Downloading https://repo.maven.apache.org/maven2/org/codehaus/plexus/plexus-compiler-manager/2.0/plexus-compiler-manager-2.0.jar
2016-07-11 20:10:16,512 [Worker-18] INFO  o.e.m.c.i.e.AbstractTransferListenerAdapter - Downloaded https://repo.maven.apache.org/maven2/org/codehaus/plexus/plexus-compiler-manager/2.0/plexus-compiler-manager-2.0.jar
2016-07-11 20:10:16,668 [Worker-18] INFO  o.e.m.c.i.e.AbstractTransferListenerAdapter - Downloading https://repo.maven.apache.org/maven2/org/codehaus/plexus/plexus-compiler-javac/2.0/plexus-compiler-javac-2.0.jar
2016-07-11 20:10:16,849 [Worker-18] INFO  o.e.m.c.i.e.AbstractTransferListenerAdapter - Downloaded https://repo.maven.apache.org/maven2/org/codehaus/plexus/plexus-compiler-javac/2.0/plexus-compiler-javac-2.0.jar
2016-07-11 20:10:25,462 [Worker-18] INFO  o.e.m.c.i.l.LifecycleMappingFactory - Using org.maven.ide.eclipse.wtp.WarLifecycleMapping lifecycle mapping for MavenProject: com.algaworks:Calendar:1.0.0-SNAPSHOT @ C:\Users\Marcos Ribeiro\curso-javaee-primefaces\Calendar\pom.xml.
2016-07-11 20:10:26,873 [Worker-18] INFO  o.e.m.c.i.e.AbstractTransferListenerAdapter - Downloaded http://repository.primefaces.org/org/glassfish/javax.faces/2.1.17/javax.faces-2.1.17.pom
2016-07-11 20:10:27,079 [Worker-18] INFO  o.e.m.c.i.e.AbstractTransferListenerAdapter - Downloading https://repo.maven.apache.org/maven2/org/glassfish/javax.faces/2.1.17/javax.faces-2.1.17.pom
2016-07-11 20:10:27,813 [Worker-18] INFO  o.e.m.c.i.e.AbstractTransferListenerAdapter - Downloaded https://repo.maven.apache.org/maven2/org/glassfish/javax.faces/2.1.17/javax.faces-2.1.17.pom
2016-07-11 20:10:28,499 [Worker-18] INFO  o.e.m.c.i.e.AbstractTransferListenerAdapter - Downloading http://repository.primefaces.org/org/primefaces/primefaces/3.5/primefaces-3.5.pom
2016-07-11 20:10:29,694 [Worker-18] INFO  o.e.m.c.i.e.AbstractTransferListenerAdapter - Downloaded http://repository.primefaces.org/org/primefaces/primefaces/3.5/primefaces-3.5.pom
2016-07-11 20:10:30,759 [Worker-18] INFO  o.e.m.c.i.e.AbstractTransferListenerAdapter - Downloaded http://repository.primefaces.org/org/glassfish/javax.faces/2.1.17/javax.faces-2.1.17.jar
2016-07-11 20:10:32,014 [Worker-18] INFO  o.e.m.c.i.e.AbstractTransferListenerAdapter - Downloading http://repository.primefaces.org/org/primefaces/primefaces/3.5/primefaces-3.5.jar
2016-07-11 20:10:41,195 [Worker-18] INFO  o.e.m.c.i.e.AbstractTransferListenerAdapter - Downloaded http://repository.primefaces.org/org/primefaces/primefaces/3.5/primefaces-3.5.jar
2016-07-11 20:10:41,631 [Worker-18] INFO  o.e.m.c.i.e.AbstractTransferListenerAdapter - Downloading https://repo.maven.apache.org/maven2/org/glassfish/javax.faces/2.1.17/javax.faces-2.1.17.jar
2016-07-11 20:10:45,917 [Worker-18] INFO  o.e.m.c.i.e.AbstractTransferListenerAdapter - Downloaded https://repo.maven.apache.org/maven2/org/glassfish/javax.faces/2.1.17/javax.faces-2.1.17.jar
2016-07-11 20:10:58,928 [Worker-18] INFO  o.e.m.j.i.AbstractJavaProjectConfigurator - Adding source folder /Calendar/src/main/java
2016-07-11 20:10:58,930 [Worker-18] INFO  o.e.m.j.i.AbstractJavaProjectConfigurator - Adding source folder /Calendar/src/test/java
2016-07-11 20:11:25,128 [Worker-18] INFO  o.e.m.c.i.p.ProjectConfigurationManager - Imported and configured 1 project(s) in 158 sec
2016-07-11 20:12:11,302 [Worker-25] INFO  o.e.m.c.i.embedder.EclipseLogger - Using 'UTF-8' encoding to copy filtered resources.
2016-07-11 20:12:11,304 [Worker-25] INFO  o.e.m.c.i.embedder.EclipseLogger - skip non existing resourceDirectory C:\Users\Marcos Ribeiro\curso-javaee-primefaces\Calendar\src\main\resources
2016-07-11 20:12:11,437 [Worker-25] INFO  o.e.m.c.i.embedder.EclipseLogger - Using 'UTF-8' encoding to copy filtered resources.
2016-07-11 20:12:11,437 [Worker-25] INFO  o.e.m.c.i.embedder.EclipseLogger - skip non existing resourceDirectory C:\Users\Marcos Ribeiro\curso-javaee-primefaces\Calendar\src\test\resources
2016-07-11 20:22:52,969 [Worker-24] INFO  o.e.m.c.i.embedder.EclipseLogger - Using 'UTF-8' encoding to copy filtered resources.
2016-07-11 20:22:53,043 [Worker-24] INFO  o.e.m.c.i.embedder.EclipseLogger - skip non existing resourceDirectory C:\Users\Marcos Ribeiro\curso-javaee-primefaces\Calendar\src\main\resources
2016-07-11 20:22:53,057 [Worker-24] INFO  o.e.m.c.i.embedder.EclipseLogger - Using 'UTF-8' encoding to copy filtered resources.
2016-07-11 20:22:53,059 [Worker-24] INFO  o.e.m.c.i.embedder.EclipseLogger - skip non existing resourceDirectory C:\Users\Marcos Ribeiro\curso-javaee-primefaces\Calendar\src\test\resources
2016-07-11 20:23:28,464 [Worker-24] INFO  o.e.m.c.i.p.ProjectConfigurationManager - Update started
2016-07-11 20:24:08,122 [Worker-24] INFO  o.e.m.c.i.l.LifecycleMappingFactory - Using org.maven.ide.eclipse.wtp.WarLifecycleMapping lifecycle mapping for MavenProject: com.algaworks:Calendar:1.0.0-SNAPSHOT @ C:\Users\Marcos Ribeiro\curso-javaee-primefaces\Calendar\pom.xml.
2016-07-11 20:24:29,027 [Worker-24] INFO  o.e.m.j.i.AbstractJavaProjectConfigurator - Adding source folder /Calendar/src/main/java
2016-07-11 20:24:29,047 [Worker-24] INFO  o.e.m.j.i.AbstractJavaProjectConfigurator - Adding source folder /Calendar/src/test/java
2016-07-11 20:24:33,328 [Worker-24] INFO  o.e.m.w.i.f.ResourceFilteringBuildParticipant - Cleaning filtered folder for Calendar
2016-07-11 20:24:33,382 [Worker-24] INFO  o.e.m.c.i.p.ProjectConfigurationManager - Update completed: 64 sec
2016-07-11 20:24:38,085 [Worker-24] INFO  o.e.m.c.i.embedder.EclipseLogger - Using 'UTF-8' encoding to copy filtered resources.
2016-07-11 20:24:38,086 [Worker-24] INFO  o.e.m.c.i.embedder.EclipseLogger - skip non existing resourceDirectory C:\Users\Marcos Ribeiro\curso-javaee-primefaces\Calendar\src\main\resources
2016-07-11 20:24:38,124 [Worker-24] INFO  o.e.m.c.i.embedder.EclipseLogger - Using 'UTF-8' encoding to copy filtered resources.
2016-07-11 20:24:38,128 [Worker-24] INFO  o.e.m.c.i.embedder.EclipseLogger - skip non existing resourceDirectory C:\Users\Marcos Ribeiro\curso-javaee-primefaces\Calendar\src\test\resources
2016-07-11 20:24:38,129 [Worker-24] INFO  o.e.m.w.i.f.ResourceFilteringBuildParticipant - Changed resources require a complete clean of filtered resources of Calendar
2016-07-11 20:24:38,138 [Worker-24] INFO  o.e.m.w.i.f.ResourceFilteringBuildParticipant - Executing resource filtering for Calendar
2016-07-11 20:24:38,179 [Worker-24] INFO  o.e.m.c.i.embedder.EclipseLogger - Using 'UTF-8' encoding to copy filtered resources.
2016-07-11 20:34:25,946 [Worker-18] INFO  o.e.m.c.i.embedder.EclipseLogger - Using 'UTF-8' encoding to copy filtered resources.
2016-07-11 20:34:26,006 [Worker-18] INFO  o.e.m.c.i.embedder.EclipseLogger - skip non existing resourceDirectory C:\Users\Marcos Ribeiro\curso-javaee-primefaces\Calendar\src\main\resources
2016-07-11 20:34:26,009 [Worker-18] INFO  o.e.m.c.i.embedder.EclipseLogger - Using 'UTF-8' encoding to copy filtered resources.
2016-07-11 20:34:26,010 [Worker-18] INFO  o.e.m.c.i.embedder.EclipseLogger - skip non existing resourceDirectory C:\Users\Marcos Ribeiro\curso-javaee-primefaces\Calendar\src\test\resources
2016-07-11 20:59:49,679 [Worker-39] INFO  o.e.m.c.i.embedder.EclipseLogger - Using 'UTF-8' encoding to copy filtered resources.
2016-07-11 20:59:49,680 [Worker-39] INFO  o.e.m.c.i.embedder.EclipseLogger - skip non existing resourceDirectory C:\Users\Marcos Ribeiro\curso-javaee-primefaces\Calendar\src\main\resources
2016-07-11 20:59:49,712 [Worker-39] INFO  o.e.m.c.i.embedder.EclipseLogger - Using 'UTF-8' encoding to copy filtered resources.
2016-07-11 20:59:49,713 [Worker-39] INFO  o.e.m.c.i.embedder.EclipseLogger - skip non existing resourceDirectory C:\Users\Marcos Ribeiro\curso-javaee-primefaces\Calendar\src\test\resources
2016-07-11 21:09:03,017 [Worker-36] INFO  o.e.m.c.i.p.ProjectConfigurationManager - Update started
2016-07-11 21:09:20,979 [Worker-36] INFO  o.e.m.c.i.l.LifecycleMappingFactory - Using org.maven.ide.eclipse.wtp.WarLifecycleMapping lifecycle mapping for MavenProject: com.algaworks:Calendar:1.0.0-SNAPSHOT @ C:\Users\Marcos Ribeiro\curso-javaee-primefaces\Calendar\pom.xml.
2016-07-11 21:09:28,995 [Worker-36] INFO  o.e.m.j.i.AbstractJavaProjectConfigurator - Adding source folder /Calendar/src/main/java
2016-07-11 21:09:29,066 [Worker-36] INFO  o.e.m.j.i.AbstractJavaProjectConfigurator - Adding source folder /Calendar/src/test/java
2016-07-11 21:09:32,809 [Worker-36] INFO  o.e.m.w.i.f.ResourceFilteringBuildParticipant - Cleaning filtered folder for Calendar
2016-07-11 21:09:32,824 [Worker-36] INFO  o.e.m.c.i.p.ProjectConfigurationManager - Update completed: 29 sec
2016-07-11 21:09:36,241 [Worker-51] INFO  o.e.m.c.i.embedder.EclipseLogger - Using 'UTF-8' encoding to copy filtered resources.
2016-07-11 21:09:36,242 [Worker-51] INFO  o.e.m.c.i.embedder.EclipseLogger - skip non existing resourceDirectory C:\Users\Marcos Ribeiro\curso-javaee-primefaces\Calendar\src\main\resources
2016-07-11 21:09:36,274 [Worker-51] INFO  o.e.m.c.i.embedder.EclipseLogger - Using 'UTF-8' encoding to copy filtered resources.
2016-07-11 21:09:36,275 [Worker-51] INFO  o.e.m.c.i.embedder.EclipseLogger - skip non existing resourceDirectory C:\Users\Marcos Ribeiro\curso-javaee-primefaces\Calendar\src\test\resources
2016-07-11 21:09:36,276 [Worker-51] INFO  o.e.m.w.i.f.ResourceFilteringBuildParticipant - Changed resources require a complete clean of filtered resources of Calendar
2016-07-11 21:09:36,276 [Worker-51] INFO  o.e.m.w.i.f.ResourceFilteringBuildParticipant - Executing resource filtering for Calendar
2016-07-11 21:09:36,341 [Worker-51] INFO  o.e.m.c.i.embedder.EclipseLogger - Using 'UTF-8' encoding to copy filtered resources.
2016-07-11 21:10:44,082 [Worker-49] INFO  o.e.m.c.i.l.LifecycleMappingFactory - Using org.maven.ide.eclipse.wtp.WarLifecycleMapping lifecycle mapping for MavenProject: com.algaworks:Calendar:1.0.0-SNAPSHOT @ C:\Users\Marcos Ribeiro\curso-javaee-primefaces\Calendar\pom.xml.
2016-07-11 21:10:47,880 [Worker-49] INFO  o.e.m.c.i.embedder.EclipseLogger - Using 'UTF-8' encoding to copy filtered resources.
2016-07-11 21:10:47,884 [Worker-49] INFO  o.e.m.c.i.embedder.EclipseLogger - skip non existing resourceDirectory C:\Users\Marcos Ribeiro\curso-javaee-primefaces\Calendar\src\main\resources
2016-07-11 21:10:47,893 [Worker-49] INFO  o.e.m.c.i.embedder.EclipseLogger - Using 'UTF-8' encoding to copy filtered resources.
2016-07-11 21:10:47,893 [Worker-49] INFO  o.e.m.c.i.embedder.EclipseLogger - skip non existing resourceDirectory C:\Users\Marcos Ribeiro\curso-javaee-primefaces\Calendar\src\test\resources
2016-07-11 21:10:47,894 [Worker-49] INFO  o.e.m.w.i.f.ResourceFilteringBuildParticipant - Changed resources require a complete clean of filtered resources of Calendar
2016-07-11 21:10:47,894 [Worker-49] INFO  o.e.m.w.i.f.ResourceFilteringBuildParticipant - Executing resource filtering for Calendar
2016-07-11 21:10:48,156 [Worker-49] INFO  o.e.m.c.i.embedder.EclipseLogger - Using 'UTF-8' encoding to copy filtered resources.
2016-07-11 21:11:06,286 [Worker-53] INFO  o.e.m.c.i.embedder.EclipseLogger - Using 'UTF-8' encoding to copy filtered resources.
2016-07-11 21:11:06,286 [Worker-53] INFO  o.e.m.c.i.embedder.EclipseLogger - skip non existing resourceDirectory C:\Users\Marcos Ribeiro\curso-javaee-primefaces\Calendar\src\main\resources
2016-07-11 21:11:06,297 [Worker-53] INFO  o.e.m.c.i.embedder.EclipseLogger - Using 'UTF-8' encoding to copy filtered resources.
2016-07-11 21:11:06,298 [Worker-53] INFO  o.e.m.c.i.embedder.EclipseLogger - skip non existing resourceDirectory C:\Users\Marcos Ribeiro\curso-javaee-primefaces\Calendar\src\test\resources
2016-07-11 21:11:20,379 [Worker-51] INFO  o.e.m.c.i.p.ProjectConfigurationManager - Update started
2016-07-11 21:11:24,307 [Worker-51] INFO  o.e.m.c.i.l.LifecycleMappingFactory - Using org.maven.ide.eclipse.wtp.WarLifecycleMapping lifecycle mapping for MavenProject: com.algaworks:Calendar:1.0.0-SNAPSHOT @ C:\Users\Marcos Ribeiro\curso-javaee-primefaces\Calendar\pom.xml.
2016-07-11 21:11:29,792 [Worker-51] INFO  o.e.m.j.i.AbstractJavaProjectConfigurator - Adding source folder /Calendar/src/main/java
2016-07-11 21:11:29,793 [Worker-51] INFO  o.e.m.j.i.AbstractJavaProjectConfigurator - Adding source folder /Calendar/src/test/java
2016-07-11 21:11:32,822 [Worker-51] INFO  o.e.m.w.i.f.ResourceFilteringBuildParticipant - Cleaning filtered folder for Calendar
2016-07-11 21:11:32,935 [Worker-51] INFO  o.e.m.c.i.p.ProjectConfigurationManager - Update completed: 12 sec
2016-07-11 21:11:34,227 [Worker-51] INFO  o.e.m.c.i.embedder.EclipseLogger - Using 'UTF-8' encoding to copy filtered resources.
2016-07-11 21:11:34,228 [Worker-51] INFO  o.e.m.c.i.embedder.EclipseLogger - skip non existing resourceDirectory C:\Users\Marcos Ribeiro\curso-javaee-primefaces\Calendar\src\main\resources
2016-07-11 21:11:34,239 [Worker-51] INFO  o.e.m.c.i.embedder.EclipseLogger - Using 'UTF-8' encoding to copy filtered resources.
2016-07-11 21:11:34,239 [Worker-51] INFO  o.e.m.c.i.embedder.EclipseLogger - skip non existing resourceDirectory C:\Users\Marcos Ribeiro\curso-javaee-primefaces\Calendar\src\test\resources
2016-07-11 21:11:34,240 [Worker-51] INFO  o.e.m.w.i.f.ResourceFilteringBuildParticipant - Changed resources require a complete clean of filtered resources of Calendar
2016-07-11 21:11:34,240 [Worker-51] INFO  o.e.m.w.i.f.ResourceFilteringBuildParticipant - Executing resource filtering for Calendar
2016-07-11 21:11:34,255 [Worker-51] INFO  o.e.m.c.i.embedder.EclipseLogger - Using 'UTF-8' encoding to copy filtered resources.
2016-07-11 21:14:11,954 [Worker-54] INFO  o.e.m.c.i.embedder.EclipseLogger - Using 'UTF-8' encoding to copy filtered resources.
2016-07-11 21:14:11,954 [Worker-54] INFO  o.e.m.c.i.embedder.EclipseLogger - skip non existing resourceDirectory C:\Users\Marcos Ribeiro\curso-javaee-primefaces\Calendar\src\main\resources
2016-07-11 21:14:12,030 [Worker-54] INFO  o.e.m.c.i.embedder.EclipseLogger - Using 'UTF-8' encoding to copy filtered resources.
2016-07-11 21:14:12,030 [Worker-54] INFO  o.e.m.c.i.embedder.EclipseLogger - skip non existing resourceDirectory C:\Users\Marcos Ribeiro\curso-javaee-primefaces\Calendar\src\test\resources
